<?xml version="1.0" encoding="UTF-8"?>
<!-- Generated by org.testng.reporters.JUnitReportReporter -->
<testsuite hostname="RREZEARTA-DESKTOP" failures="0" tests="2" name="Selenium.Selenium" time="41.444" errors="0" timestamp="16 Dec 2020 09:18:31 GMT" skipped="0">
  <testcase classname="Selenium.Selenium" name="tedhenat" time="20.243"/>
  <testcase classname="Selenium.Selenium" name="tedhenat" time="21.201"/>
</testsuite> <!-- Selenium.Selenium -->
